Run ./gradlew assembleDebug
Downloading https://services.gradle.org/distributions/gradle-8.11.1-all.zip
.....................10%......................20%......................30%......................40%......................50%......................60%......................70%......................80%......................90%......................100%

Welcome to Gradle 8.11.1!

Here are the highlights of this release:
 - Parallel load and store for Configuration Cache
 - Java compilation errors at the end of the build output
 - Consolidated report for warnings and deprecations

For more details see https://docs.gradle.org/8.11.1/release-notes.html

Starting a Gradle Daemon (subsequent builds will be faster)

> Configure project :app
WARNING: Using flatDir should be avoided because it doesn't support any meta-data formats.

> Configure project :capacitor-cordova-android-plugins
WARNING: Using flatDir should be avoided because it doesn't support any meta-data formats.

> Task :app:preBuild UP-TO-DATE
> Task :app:preDebugBuild UP-TO-DATE
> Task :app:mergeDebugNativeDebugMetadata NO-SOURCE
> Task :app:javaPreCompileDebug
> Task :capacitor-android:preBuild UP-TO-DATE
> Task :capacitor-android:preDebugBuild UP-TO-DATE
> Task :capacitor-cordova-android-plugins:preBuild UP-TO-DATE
> Task :capacitor-cordova-android-plugins:preDebugBuild UP-TO-DATE
> Task :capacitor-cordova-android-plugins:writeDebugAarMetadata
> Task :capacitor-android:writeDebugAarMetadata
> Task :app:generateDebugResValues
> Task :capacitor-android:generateDebugResValues
> Task :app:checkDebugAarMetadata
> Task :capacitor-android:generateDebugResources
> Task :capacitor-android:packageDebugResources
> Task :capacitor-cordova-android-plugins:generateDebugResValues
> Task :capacitor-cordova-android-plugins:generateDebugResources
> Task :capacitor-cordova-android-plugins:packageDebugResources
> Task :app:mapDebugSourceSetPaths
> Task :app:generateDebugResources
> Task :app:packageDebugResources
> Task :app:createDebugCompatibleScreenManifests
> Task :app:extractDeepLinksDebug
> Task :capacitor-android:extractDeepLinksDebug
> Task :capacitor-cordova-android-plugins:extractDeepLinksDebug
> Task :app:parseDebugLocalResources
> Task :capacitor-cordova-android-plugins:processDebugManifest
> Task :capacitor-android:processDebugManifest
> Task :app:mergeDebugResources
> Task :capacitor-android:compileDebugLibraryResources
> Task :app:processDebugMainManifest
> Task :app:processDebugManifest
> Task :capacitor-cordova-android-plugins:compileDebugLibraryResources
> Task :app:processDebugManifestForPackage
> Task :capacitor-android:javaPreCompileDebug
> Task :capacitor-cordova-android-plugins:javaPreCompileDebug
> Task :capacitor-cordova-android-plugins:parseDebugLocalResources
> Task :capacitor-android:parseDebugLocalResources
> Task :app:mergeDebugShaders
> Task :app:compileDebugShaders NO-SOURCE
> Task :app:generateDebugAssets UP-TO-DATE
> Task :capacitor-android:mergeDebugShaders
> Task :capacitor-android:compileDebugShaders NO-SOURCE
> Task :capacitor-android:generateDebugAssets UP-TO-DATE
> Task :capacitor-cordova-android-plugins:generateDebugRFile
> Task :capacitor-android:generateDebugRFile
> Task :capacitor-android:packageDebugAssets
> Task :app:processDebugResources

> Task :capacitor-android:compileDebugJavaWithJavac
Note: Some input files use unchecked or unsafe operations.
Note: Recompile with -Xlint:unchecked for details.

> Task :capacitor-cordova-android-plugins:compileDebugJavaWithJavac NO-SOURCE
> Task :capacitor-cordova-android-plugins:bundleLibCompileToJarDebug
> Task :capacitor-cordova-android-plugins:mergeDebugShaders
> Task :capacitor-cordova-android-plugins:compileDebugShaders NO-SOURCE
> Task :capacitor-cordova-android-plugins:generateDebugAssets UP-TO-DATE
> Task :capacitor-cordova-android-plugins:packageDebugAssets
> Task :capacitor-android:bundleLibCompileToJarDebug
> Task :app:mergeDebugAssets

/home/runner/work/nearpay-pos-android/nearpay-pos-android/android/app/src/main/java/io/nearpay/payment/NearPayPlugin.java:11: error: cannot find symbol
> Task :app:compileDebugJavaWithJavac FAILED
import io.nearpay.sdk.data.models.AuthenticationData;
[Incubating] Problems report is available at: file:///home/runner/work/nearpay-pos-android/nearpay-pos-android/android/build/reports/problems/problems-report.html
                                 ^
  symbol:   class AuthenticationData
  location: package io.nearpay.sdk.data.models
/home/runner/work/nearpay-pos-android/nearpay-pos-android/android/app/src/main/java/io/nearpay/payment/NearPayPlugin.java:14: error: cannot find symbol
import io.nearpay.sdk.utils.listeners.PaymentListener;
                                     ^
  symbol:   class PaymentListener
  location: package io.nearpay.sdk.utils.listeners
/home/runner/work/nearpay-pos-android/nearpay-pos-android/android/app/src/main/java/io/nearpay/payment/NearPayPlugin.java:39: error: package AuthenticationData.Jwt does not exist
                .authenticationData(AuthenticationData.Jwt.INSTANCE.invoke(authToken))
                                                          ^
/home/runner/work/nearpay-pos-android/nearpay-pos-android/android/app/src/main/java/io/nearpay/payment/NearPayPlugin.java:75: error: cannot find symbol
            nearPay.purchase(amount, new PaymentListener() {
                                         ^
  symbol:   class PaymentListener
  location: class NearPayPlugin
/home/runner/work/nearpay-pos-android/nearpay-pos-android/android/app/src/main/java/io/nearpay/payment/NearPayPlugin.java:77: error: cannot find symbol
                public void onPaymentApproved(io.nearpay.sdk.data.models.PaymentResult result) {
                                                                        ^
  symbol:   class PaymentResult
  location: package io.nearpay.sdk.data.models
/home/runner/work/nearpay-pos-android/nearpay-pos-android/android/app/src/main/java/io/nearpay/payment/NearPayPlugin.java:97: error: cannot find symbol
                public void onPaymentDeclined(io.nearpay.sdk.data.models.PaymentResult result) {
                                                                        ^
  symbol:   class PaymentResult
  location: package io.nearpay.sdk.data.models
/home/runner/work/nearpay-pos-android/nearpay-pos-android/android/app/src/main/java/io/nearpay/payment/NearPayPlugin.java:108: error: cannot find symbol
                public void onPaymentError(io.nearpay.sdk.utils.enums.PaymentError error) {
                                                                     ^
  symbol:   class PaymentError
  location: package io.nearpay.sdk.utils.enums
/home/runner/work/nearpay-pos-android/nearpay-pos-android/android/app/src/main/java/io/nearpay/payment/NearPayPlugin.java:76: error: method does not override or implement a method from a supertype
                @Override
                ^
/home/runner/work/nearpay-pos-android/nearpay-pos-android/android/app/src/main/java/io/nearpay/payment/NearPayPlugin.java:96: error: method does not override or implement a method from a supertype
                @Override
                ^
/home/runner/work/nearpay-pos-android/nearpay-pos-android/android/app/src/main/java/io/nearpay/payment/NearPayPlugin.java:107: error: method does not override or implement a method from a supertype
                @Override
                ^
10 errors

44 actionable tasks: 44 executed
FAILURE: Build failed with an exception.

* What went wrong:
Execution failed for task ':app:compileDebugJavaWithJavac'.
> Compilation failed; see the compiler output below.
  /home/runner/work/nearpay-pos-android/nearpay-pos-android/android/app/src/main/java/io/nearpay/payment/NearPayPlugin.java:76: error: method does not override or implement a method from a supertype
                  @Override
                  ^
  /home/runner/work/nearpay-pos-android/nearpay-pos-android/android/app/src/main/java/io/nearpay/payment/NearPayPlugin.java:96: error: method does not override or implement a method from a supertype
                  @Override
                  ^
  /home/runner/work/nearpay-pos-android/nearpay-pos-android/android/app/src/main/java/io/nearpay/payment/NearPayPlugin.java:107: error: method does not override or implement a method from a supertype
                  @Override
                  ^
  /home/runner/work/nearpay-pos-android/nearpay-pos-android/android/app/src/main/java/io/nearpay/payment/NearPayPlugin.java:39: error: package AuthenticationData.Jwt does not exist
                  .authenticationData(AuthenticationData.Jwt.INSTANCE.invoke(authToken))
                                                            ^
  /home/runner/work/nearpay-pos-android/nearpay-pos-android/android/app/src/main/java/io/nearpay/payment/NearPayPlugin.java:11: error: cannot find symbol
  import io.nearpay.sdk.data.models.AuthenticationData;
                                   ^
    symbol:   class AuthenticationData
    location: package io.nearpay.sdk.data.models
  /home/runner/work/nearpay-pos-android/nearpay-pos-android/android/app/src/main/java/io/nearpay/payment/NearPayPlugin.java:14: error: cannot find symbol
  import io.nearpay.sdk.utils.listeners.PaymentListener;
                                       ^
    symbol:   class PaymentListener
    location: package io.nearpay.sdk.utils.listeners
  /home/runner/work/nearpay-pos-android/nearpay-pos-android/android/app/src/main/java/io/nearpay/payment/NearPayPlugin.java:75: error: cannot find symbol
              nearPay.purchase(amount, new PaymentListener() {
                                           ^
    symbol:   class PaymentListener
    location: class NearPayPlugin
  /home/runner/work/nearpay-pos-android/nearpay-pos-android/android/app/src/main/java/io/nearpay/payment/NearPayPlugin.java:77: error: cannot find symbol
                  public void onPaymentApproved(io.nearpay.sdk.data.models.PaymentResult result) {
                                                                          ^
    symbol:   class PaymentResult
    location: package io.nearpay.sdk.data.models
  /home/runner/work/nearpay-pos-android/nearpay-pos-android/android/app/src/main/java/io/nearpay/payment/NearPayPlugin.java:97: error: cannot find symbol
                  public void onPaymentDeclined(io.nearpay.sdk.data.models.PaymentResult result) {
                                                                          ^
    symbol:   class PaymentResult
    location: package io.nearpay.sdk.data.models
  /home/runner/work/nearpay-pos-android/nearpay-pos-android/android/app/src/main/java/io/nearpay/payment/NearPayPlugin.java:108: error: cannot find symbol
                  public void onPaymentError(io.nearpay.sdk.utils.enums.PaymentError error) {
                                                                       ^
    symbol:   class PaymentError
    location: package io.nearpay.sdk.utils.enums
  10 errors

* Try:
> Check your code and dependencies to fix the compilation error(s)
> Run with --scan to get full insights.

BUILD FAILED in 1m 8s
Error: Process completed with exit code 1.