Run ./gradlew assembleDebug
Downloading https://services.gradle.org/distributions/gradle-8.11.1-all.zip
.....................10%......................20%......................30%......................40%......................50%......................60%......................70%......................80%......................90%......................100%

Welcome to Gradle 8.11.1!

Here are the highlights of this release:
 - Parallel load and store for Configuration Cache
 - Java compilation errors at the end of the build output
 - Consolidated report for warnings and deprecations

For more details see https://docs.gradle.org/8.11.1/release-notes.html

To honour the JVM settings for this build a single-use Daemon process will be forked. For more on this, please refer to https://docs.gradle.org/8.11.1/userguide/gradle_daemon.html#sec:disabling_the_daemon in the Gradle documentation.
Daemon will be stopped at the end of the build 

> Configure project :
Build was configured to prefer settings repositories over project repositories but repository 'Google' was added by build file 'build.gradle'
Build was configured to prefer settings repositories over project repositories but repository 'MavenRepo' was added by build file 'build.gradle'
Build was configured to prefer settings repositories over project repositories but repository 'Google' was added by build file 'build.gradle'
Build was configured to prefer settings repositories over project repositories but repository 'MavenRepo' was added by build file 'build.gradle'
Build was configured to prefer settings repositories over project repositories but repository 'Google' was added by build file 'build.gradle'
Build was configured to prefer settings repositories over project repositories but repository 'MavenRepo' was added by build file 'build.gradle'
Build was configured to prefer settings repositories over project repositories but repository 'Google' was added by build file 'build.gradle'
Build was configured to prefer settings repositories over project repositories but repository 'MavenRepo' was added by build file 'build.gradle'

> Configure project :app
Build was configured to prefer settings repositories over project repositories but repository 'flatDir' was added by build file 'app/build.gradle'
Build was configured to prefer settings repositories over project repositories but repository 'maven' was added by build file 'app/build.gradle'
Build was configured to prefer settings repositories over project repositories but repository 'maven2' was added by build file 'app/build.gradle'
WARNING: Using flatDir should be avoided because it doesn't support any meta-data formats.

> Configure project :capacitor-android
Build was configured to prefer settings repositories over project repositories but repository 'Google2' was added by build file '../node_modules/@capacitor/android/capacitor/build.gradle'
Build was configured to prefer settings repositories over project repositories but repository 'MavenRepo2' was added by build file '../node_modules/@capacitor/android/capacitor/build.gradle'

> Configure project :capacitor-cordova-android-plugins
Build was configured to prefer settings repositories over project repositories but repository 'Google2' was added by build file 'capacitor-cordova-android-plugins/build.gradle'
Build was configured to prefer settings repositories over project repositories but repository 'MavenRepo2' was added by build file 'capacitor-cordova-android-plugins/build.gradle'
Build was configured to prefer settings repositories over project repositories but repository 'flatDir' was added by build file 'capacitor-cordova-android-plugins/build.gradle'
WARNING: Using flatDir should be avoided because it doesn't support any meta-data formats.

> Task :app:preBuild UP-TO-DATE
> Task :app:preDebugBuild UP-TO-DATE
> Task :app:mergeDebugNativeDebugMetadata NO-SOURCE
> Task :app:checkKotlinGradlePluginConfigurationErrors
> Task :capacitor-android:preBuild UP-TO-DATE
> Task :capacitor-android:preDebugBuild UP-TO-DATE
> Task :capacitor-cordova-android-plugins:preBuild UP-TO-DATE
> Task :capacitor-android:writeDebugAarMetadata
> Task :capacitor-cordova-android-plugins:preDebugBuild UP-TO-DATE
> Task :capacitor-cordova-android-plugins:writeDebugAarMetadata
> Task :app:generateDebugResValues
> Task :capacitor-android:generateDebugResValues
> Task :app:checkDebugAarMetadata
> Task :capacitor-android:generateDebugResources
> Task :capacitor-android:packageDebugResources
> Task :capacitor-cordova-android-plugins:generateDebugResValues
> Task :capacitor-cordova-android-plugins:generateDebugResources
> Task :capacitor-cordova-android-plugins:packageDebugResources
> Task :app:mapDebugSourceSetPaths
> Task :app:generateDebugResources
> Task :app:packageDebugResources
> Task :app:mergeDebugResources
> Task :app:createDebugCompatibleScreenManifests
> Task :app:extractDeepLinksDebug
> Task :capacitor-android:extractDeepLinksDebug
> Task :capacitor-cordova-android-plugins:extractDeepLinksDebug
> Task :app:parseDebugLocalResources
> Task :capacitor-android:processDebugManifest
> Task :capacitor-cordova-android-plugins:processDebugManifest
> Task :capacitor-android:compileDebugLibraryResources

> Task :app:processDebugMainManifest
/home/runner/work/nearpay-pos-android/nearpay-pos-android/android/app/src/main/AndroidManifest.xml:5:5-39:19 Warning:
	application@android:allowBackup was tagged at AndroidManifest.xml:5 to replace other declarations but no other declaration present

> Task :app:processDebugManifest
> Task :app:processDebugManifestForPackage
> Task :capacitor-android:parseDebugLocalResources
> Task :capacitor-cordova-android-plugins:compileDebugLibraryResources
> Task :capacitor-cordova-android-plugins:parseDebugLocalResources
> Task :capacitor-android:javaPreCompileDebug
> Task :capacitor-cordova-android-plugins:javaPreCompileDebug
> Task :app:javaPreCompileDebug
> Task :capacitor-android:generateDebugRFile
> Task :capacitor-cordova-android-plugins:generateDebugRFile
> Task :app:mergeDebugShaders
> Task :app:processDebugResources

> Task :capacitor-android:compileDebugJavaWithJavac
Note: Some input files use unchecked or unsafe operations.
Note: Recompile with -Xlint:unchecked for details.

> Task :capacitor-cordova-android-plugins:compileDebugJavaWithJavac NO-SOURCE
> Task :app:compileDebugShaders NO-SOURCE
> Task :app:generateDebugAssets UP-TO-DATE
> Task :capacitor-cordova-android-plugins:bundleLibCompileToJarDebug
> Task :capacitor-android:mergeDebugShaders
> Task :capacitor-android:compileDebugShaders NO-SOURCE
> Task :capacitor-android:generateDebugAssets UP-TO-DATE
> Task :capacitor-android:packageDebugAssets
> Task :capacitor-android:bundleLibCompileToJarDebug
> Task :capacitor-cordova-android-plugins:mergeDebugShaders
> Task :capacitor-cordova-android-plugins:compileDebugShaders NO-SOURCE
> Task :capacitor-cordova-android-plugins:generateDebugAssets UP-TO-DATE
> Task :capacitor-cordova-android-plugins:packageDebugAssets
> Task :app:mergeDebugAssets
> Task :capacitor-cordova-android-plugins:bundleLibRuntimeToJarDebug
> Task :capacitor-android:bundleLibRuntimeToJarDebug
> Task :app:compressDebugAssets
> Task :app:desugarDebugFileDependencies
> Task :capacitor-android:processDebugJavaRes NO-SOURCE
> Task :capacitor-cordova-android-plugins:processDebugJavaRes NO-SOURCE
> Task :app:mergeDebugJniLibFolders
> Task :capacitor-android:mergeDebugJniLibFolders
> Task :capacitor-android:mergeDebugNativeLibs NO-SOURCE
> Task :capacitor-android:copyDebugJniLibsProjectOnly
> Task :capacitor-cordova-android-plugins:mergeDebugJniLibFolders
> Task :capacitor-cordova-android-plugins:mergeDebugNativeLibs NO-SOURCE
> Task :capacitor-cordova-android-plugins:copyDebugJniLibsProjectOnly
> Task :app:checkDebugDuplicateClasses
> Task :app:mergeDebugNativeLibs NO-SOURCE
e: file:///home/runner/work/nearpay-pos-android/nearpay-pos-android/android/app/src/main/java/app/cashmgmtnp/pos/NearPayPlugin.kt:11:35 Unresolved reference: AuthenticationData
e: file:///home/runner/work/nearpay-pos-android/nearpay-pos-android/android/app/src/main/java/app/cashmgmtnp/pos/NearPayPlugin.kt:12:35 Unresolved reference: PurchaseFailure

e: file:///home/runner/work/nearpay-pos-android/nearpay-pos-android/android/app/src/main/java/app/cashmgmtnp/pos/NearPayPlugin.kt:13:35 Unresolved reference: SetupFailure
> Task :app:compileDebugKotlin FAILED
e: file:///home/runner/work/nearpay-pos-android/nearpay-pos-android/android/app/src/main/java/app/cashmgmtnp/pos/NearPayPlugin.kt:14:35 Unresolved reference: TransactionData
e: file:///home/runner/work/nearpay-pos-android/nearpay-pos-android/android/app/src/main/java/app/cashmgmtnp/pos/NearPayPlugin.kt:51:37 Unresolved reference: AuthenticationData
e: file:///home/runner/work/nearpay-pos-android/nearpay-pos-android/android/app/src/main/java/app/cashmgmtnp/pos/NearPayPlugin.kt:70:58 Unresolved reference: SetupFailure
e: file:///home/runner/work/nearpay-pos-android/nearpay-pos-android/android/app/src/main/java/app/cashmgmtnp/pos/NearPayPlugin.kt:72:40 'when' expression must be exhaustive, add necessary 'else' branch
e: file:///home/runner/work/nearpay-pos-android/nearpay-pos-android/android/app/src/main/java/app/cashmgmtnp/pos/NearPayPlugin.kt:73:28 Unresolved reference: SetupFailure
e: file:///home/runner/work/nearpay-pos-android/nearpay-pos-android/android/app/src/main/java/app/cashmgmtnp/pos/NearPayPlugin.kt:74:28 Unresolved reference: SetupFailure
e: file:///home/runner/work/nearpay-pos-android/nearpay-pos-android/android/app/src/main/java/app/cashmgmtnp/pos/NearPayPlugin.kt:75:28 Unresolved reference: SetupFailure
e: file:///home/runner/work/nearpay-pos-android/nearpay-pos-android/android/app/src/main/java/app/cashmgmtnp/pos/NearPayPlugin.kt:76:28 Unresolved reference: SetupFailure
e: file:///home/runner/work/nearpay-pos-android/nearpay-pos-android/android/app/src/main/java/app/cashmgmtnp/pos/NearPayPlugin.kt:77:28 Unresolved reference: SetupFailure
e: file:///home/runner/work/nearpay-pos-android/nearpay-pos-android/android/app/src/main/java/app/cashmgmtnp/pos/NearPayPlugin.kt:130:70 Unresolved reference: TransactionData
e: file:///home/runner/work/nearpay-pos-android/nearpay-pos-android/android/app/src/main/java/app/cashmgmtnp/pos/NearPayPlugin.kt:140:55 Cannot infer a type for this parameter. Please specify it explicitly.
e: file:///home/runner/work/nearpay-pos-android/nearpay-pos-android/android/app/src/main/java/app/cashmgmtnp/pos/NearPayPlugin.kt:142:41 Overload resolution ambiguity: 
public open fun put(p0: String!, p1: Any!): JSObject! defined in com.getcapacitor.JSObject
public open fun put(p0: String!, p1: Boolean): JSObject! defined in com.getcapacitor.JSObject
public open fun put(p0: String!, p1: Double): JSObject! defined in com.getcapacitor.JSObject
public open fun put(p0: String!, p1: Int): JSObject! defined in com.getcapacitor.JSObject
public open fun put(p0: String!, p1: Long): JSObject! defined in com.getcapacitor.JSObject
public open fun put(p0: String!, p1: String!): JSObject! defined in com.getcapacitor.JSObject
e: file:///home/runner/work/nearpay-pos-android/nearpay-pos-android/android/app/src/main/java/app/cashmgmtnp/pos/NearPayPlugin.kt:143:101 Unresolved reference: it
e: file:///home/runner/work/nearpay-pos-android/nearpay-pos-android/android/app/src/main/java/app/cashmgmtnp/pos/NearPayPlugin.kt:150:68 Unresolved reference: PurchaseFailure
e: file:///home/runner/work/nearpay-pos-android/nearpay-pos-android/android/app/src/main/java/app/cashmgmtnp/pos/NearPayPlugin.kt:151:57 'when' expression must be exhaustive, add necessary 'else' branch
e: file:///home/runner/work/nearpay-pos-android/nearpay-pos-android/android/app/src/main/java/app/cashmgmtnp/pos/NearPayPlugin.kt:152:32 Unresolved reference: PurchaseFailure
e: file:///home/runner/work/nearpay-pos-android/nearpay-pos-android/android/app/src/main/java/app/cashmgmtnp/pos/NearPayPlugin.kt:155:32 Unresolved reference: PurchaseFailure
e: file:///home/runner/work/nearpay-pos-android/nearpay-pos-android/android/app/src/main/java/app/cashmgmtnp/pos/NearPayPlugin.kt:158:32 Unresolved reference: PurchaseFailure
e: file:///home/runner/work/nearpay-pos-android/nearpay-pos-android/android/app/src/main/java/app/cashmgmtnp/pos/NearPayPlugin.kt:161:32 Unresolved reference: PurchaseFailure

> Task :app:mergeExtDexDebug

FAILURE: Build failed with an exception.

* What went wrong:
Execution failed for task ':app:compileDebugKotlin'.
> A failure occurred while executing org.jetbrains.kotlin.compilerRunner.GradleCompilerRunnerWithWorkers$GradleKotlinCompilerWorkAction
   > Compilation error. See log for more details

[Incubating] Problems report is available at: file:///home/runner/work/nearpay-pos-android/nearpay-pos-android/android/build/reports/problems/problems-report.html
* Try:
> Run with --stacktrace option to get the stack trace.
> Run with --info or --debug option to get more log output.
> Run with --scan to get full insights.
> Get more help at https://help.gradle.org.

BUILD FAILED in 2m 1s
56 actionable tasks: 56 executed
Error: Process completed with exit code 1.